Copyright 1986-2020 Xilinx, Inc. All Rights Reserved.
-------------------------------------------------------------------------------------------------------------------------
| Tool Version : Vivado v.2020.1 (win64) Build 2902540 Wed May 27 19:54:49 MDT 2020
| Date         : Mon Aug 12 16:02:55 2024
| Host         : TX running 64-bit major release  (build 9200)
| Command      : report_utilization -file system_wrapper_utilization_placed.rpt -pb system_wrapper_utilization_placed.pb
| Design       : system_wrapper
| Device       : xczu2cgsfvc784-1
| Design State : Fully Placed
-------------------------------------------------------------------------------------------------------------------------

Utilization Design Information

Table of Contents
-----------------
1. CLB Logic
1.1 Summary of Registers by Type
2. CLB Logic Distribution
3. BLOCKRAM
4. ARITHMETIC
5. I/O
6. CLOCK
7. ADVANCED
8. CONFIGURATION
9. Primitives
10. Black Boxes
11. Instantiated Netlists

1. CLB Logic
------------

+----------------------------+------+-------+-----------+-------+
|          Site Type         | Used | Fixed | Available | Util% |
+----------------------------+------+-------+-----------+-------+
| CLB LUTs                   | 1031 |     0 |     47232 |  2.18 |
|   LUT as Logic             |  961 |     0 |     47232 |  2.03 |
|   LUT as Memory            |   70 |     0 |     28800 |  0.24 |
|     LUT as Distributed RAM |    0 |     0 |           |       |
|     LUT as Shift Register  |   70 |     0 |           |       |
| CLB Registers              | 1893 |     0 |     94464 |  2.00 |
|   Register as Flip Flop    | 1893 |     0 |     94464 |  2.00 |
|   Register as Latch        |    0 |     0 |     94464 |  0.00 |
| CARRY8                     |    0 |     0 |      8820 |  0.00 |
| F7 Muxes                   |  133 |     0 |     35280 |  0.38 |
| F8 Muxes                   |    0 |     0 |     17640 |  0.00 |
| F9 Muxes                   |    0 |     0 |      8820 |  0.00 |
+----------------------------+------+-------+-----------+-------+


1.1 Summary of Registers by Type
--------------------------------

+-------+--------------+-------------+--------------+
| Total | Clock Enable | Synchronous | Asynchronous |
+-------+--------------+-------------+--------------+
| 0     |            _ |           - |            - |
| 0     |            _ |           - |          Set |
| 0     |            _ |           - |        Reset |
| 0     |            _ |         Set |            - |
| 0     |            _ |       Reset |            - |
| 0     |          Yes |           - |            - |
| 0     |          Yes |           - |          Set |
| 0     |          Yes |           - |        Reset |
| 25    |          Yes |         Set |            - |
| 1868  |          Yes |       Reset |            - |
+-------+--------------+-------------+--------------+


2. CLB Logic Distribution
-------------------------

+--------------------------------------------+------+-------+-----------+-------+
|                  Site Type                 | Used | Fixed | Available | Util% |
+--------------------------------------------+------+-------+-----------+-------+
| CLB                                        |  328 |     0 |      8820 |  3.72 |
|   CLBL                                     |  222 |     0 |           |       |
|   CLBM                                     |  106 |     0 |           |       |
| LUT as Logic                               |  961 |     0 |     47232 |  2.03 |
|   using O5 output only                     |   25 |       |           |       |
|   using O6 output only                     |  747 |       |           |       |
|   using O5 and O6                          |  189 |       |           |       |
| LUT as Memory                              |   70 |     0 |     28800 |  0.24 |
|   LUT as Distributed RAM                   |    0 |     0 |           |       |
|   LUT as Shift Register                    |   70 |     0 |           |       |
|     using O5 output only                   |    0 |       |           |       |
|     using O6 output only                   |   62 |       |           |       |
|     using O5 and O6                        |    8 |       |           |       |
| CLB Registers                              | 1893 |     0 |     94464 |  2.00 |
|   Register driven from within the CLB      |  551 |       |           |       |
|   Register driven from outside the CLB     | 1342 |       |           |       |
|     LUT in front of the register is unused |  820 |       |           |       |
|     LUT in front of the register is used   |  522 |       |           |       |
| Unique Control Sets                        |  173 |       |     17640 |  0.98 |
+--------------------------------------------+------+-------+-----------+-------+
* * Note: Available Control Sets calculated as Slices * 2, Review the Control Sets Report for more information regarding control sets.


3. BLOCKRAM
-----------

+----------------+------+-------+-----------+-------+
|    Site Type   | Used | Fixed | Available | Util% |
+----------------+------+-------+-----------+-------+
| Block RAM Tile |    0 |     0 |       150 |  0.00 |
|   RAMB36/FIFO* |    0 |     0 |       150 |  0.00 |
|   RAMB18       |    0 |     0 |       300 |  0.00 |
+----------------+------+-------+-----------+-------+
* Note: Each Block RAM Tile only has one FIFO logic available and therefore can accommodate only one FIFO36E2 or one FIFO18E2. However, if a FIFO18E2 occupies a Block RAM Tile, that tile can still accommodate a RAMB18E2


4. ARITHMETIC
-------------

+-----------+------+-------+-----------+-------+
| Site Type | Used | Fixed | Available | Util% |
+-----------+------+-------+-----------+-------+
| DSPs      |    0 |     0 |       240 |  0.00 |
+-----------+------+-------+-----------+-------+


5. I/O
------

+------------------+------+-------+-----------+-------+
|     Site Type    | Used | Fixed | Available | Util% |
+------------------+------+-------+-----------+-------+
| Bonded IOB       |    2 |     2 |       252 |  0.79 |
| HPIOB_M          |    0 |     0 |        72 |  0.00 |
| HPIOB_S          |    0 |     0 |        72 |  0.00 |
| HDIOB_M          |    1 |     1 |        48 |  2.08 |
|   INPUT          |    0 |       |           |       |
|   OUTPUT         |    0 |       |           |       |
|   BIDIR          |    1 |       |           |       |
| HDIOB_S          |    1 |     1 |        48 |  2.08 |
|   INPUT          |    0 |       |           |       |
|   OUTPUT         |    0 |       |           |       |
|   BIDIR          |    1 |       |           |       |
| HPIOB_SNGL       |    0 |     0 |        12 |  0.00 |
| HPIOBDIFFINBUF   |    0 |     0 |        72 |  0.00 |
| HPIOBDIFFOUTBUF  |    0 |     0 |        72 |  0.00 |
| HDIOBDIFFINBUF   |    0 |     0 |        48 |  0.00 |
| BITSLICE_CONTROL |    0 |     0 |        24 |  0.00 |
| BITSLICE_RX_TX   |    0 |     0 |       156 |  0.00 |
| BITSLICE_TX      |    0 |     0 |        24 |  0.00 |
| RIU_OR           |    0 |     0 |        12 |  0.00 |
+------------------+------+-------+-----------+-------+


6. CLOCK
--------

+----------------------+------+-------+-----------+-------+
|       Site Type      | Used | Fixed | Available | Util% |
+----------------------+------+-------+-----------+-------+
| GLOBAL CLOCK BUFFERs |    2 |     0 |       196 |  1.02 |
|   BUFGCE             |    1 |     0 |        88 |  1.14 |
|   BUFGCE_DIV         |    0 |     0 |        12 |  0.00 |
|   BUFG_PS            |    1 |     0 |        72 |  1.39 |
|   BUFGCTRL*          |    0 |     0 |        24 |  0.00 |
| PLL                  |    0 |     0 |         6 |  0.00 |
| MMCM                 |    0 |     0 |         3 |  0.00 |
+----------------------+------+-------+-----------+-------+
* Note: Each used BUFGCTRL counts as two GLOBAL CLOCK BUFFERs. This table does not include global clocking resources, only buffer cell usage. See the Clock Utilization Report (report_clock_utilization) for detailed accounting of global clocking resource availability.


7. ADVANCED
-----------

+-----------+------+-------+-----------+--------+
| Site Type | Used | Fixed | Available |  Util% |
+-----------+------+-------+-----------+--------+
| PS8       |    1 |     0 |         1 | 100.00 |
| SYSMONE4  |    0 |     0 |         1 |   0.00 |
+-----------+------+-------+-----------+--------+


8. CONFIGURATION
----------------

+-------------+------+-------+-----------+-------+
|  Site Type  | Used | Fixed | Available | Util% |
+-------------+------+-------+-----------+-------+
| BSCANE2     |    0 |     0 |         4 |  0.00 |
| DNA_PORTE2  |    0 |     0 |         1 |  0.00 |
| EFUSE_USR   |    0 |     0 |         1 |  0.00 |
| FRAME_ECCE4 |    0 |     0 |         1 |  0.00 |
| ICAPE3      |    0 |     0 |         2 |  0.00 |
| MASTER_JTAG |    0 |     0 |         1 |  0.00 |
| STARTUPE3   |    0 |     0 |         1 |  0.00 |
+-------------+------+-------+-----------+-------+


9. Primitives
-------------

+----------+------+---------------------+
| Ref Name | Used | Functional Category |
+----------+------+---------------------+
| FDRE     | 1868 |            Register |
| LUT6     |  580 |                 CLB |
| LUT3     |  236 |                 CLB |
| LUT5     |  150 |                 CLB |
| MUXF7    |  133 |                 CLB |
| LUT4     |  120 |                 CLB |
| LUT2     |   53 |                 CLB |
| SRLC32E  |   51 |                 CLB |
| SRL16E   |   27 |                 CLB |
| FDSE     |   25 |            Register |
| LUT1     |   11 |                 CLB |
| OBUFT    |    2 |                 I/O |
| INBUF    |    2 |                 I/O |
| IBUFCTRL |    2 |              Others |
| PS8      |    1 |            Advanced |
| BUFG_PS  |    1 |               Clock |
| BUFGCE   |    1 |               Clock |
+----------+------+---------------------+


10. Black Boxes
---------------

+----------+------+
| Ref Name | Used |
+----------+------+


11. Instantiated Netlists
-------------------------

+----------------------------+------+
|          Ref Name          | Used |
+----------------------------+------+
| system_zynq_ultra_ps_e_0_0 |    1 |
| system_xbar_0              |    1 |
| system_rst_ps8_0_100M_0    |    1 |
| system_axi_gpio_0_0        |    1 |
| system_auto_pc_0           |    1 |
| system_AXI_LITE_REG_0_0    |    1 |
+----------------------------+------+


